[02:12:52] [main/INFO]: Loading Minecraft 1.20.4 with Fabric Loader 0.15.11
[02:12:52] [main/WARN]: Mod resolution failed
[02:12:52] [main/INFO]: Immediate reason: [HARD_DEP_NO_CANDIDATE appleskin 2.5.1+mc1.20.3 {depends fabric-api @ [*]}, ROOT_FORCELOAD_SINGLE appleskin 2.5.1+mc1.20.3]
[02:12:52] [main/INFO]: Reason: [HARD_DEP appleskin 2.5.1+mc1.20.3 {depends fabric-api @ [*]}, HARD_DEP balm-fabric 9.0.6 {depends fabric-api @ [*]}, HARD_DEP bettercombat 1.8.6+1.20.4 {depends fabric-api @ [*]}, HARD_DEP bettercombat 1.8.6+1.20.4 {depends player-animator @ [>=1.0.0]}, HARD_DEP entityculling 1.6.5 {depends fabric-api @ [*]}, HARD_DEP forgeconfigapiport 20.4.3 {depends fabric-api @ [>=0.91.1]}, HARD_DEP geckolib 4.4.4 {depends fabric-api @ [>=0.95.4+1.20.4]}, HARD_DEP hangglider 20.4.1 {depends fabric-api @ [>=0.95.3]}, HARD_DEP hangglider 20.4.1 {depends puzzleslib @ [>=20.4.14]}]
[02:12:52] [main/INFO]: SERVER environment disabled: [betteranimationscollection]
[02:12:52] [main/INFO]: Fix: add [add:fabric-api 0.95.4+1.20.4 ([[0.95.4+1.20.4,∞)]), add:player-animator 1.0.0 ([[1.0.0,∞)]), add:puzzleslib 20.4.14 ([[20.4.14,∞)])], remove [], replace []
[02:12:52] [main/ERROR]: Incompatible mods found!
net.fabricmc.loader.impl.FormattedException: Some of your mods are incompatible with the game or each other!
A potential solution has been determined, this may resolve your problem:
	 - Install fabric-api, version 0.95.4+1.20.4 or later.
	 - Install player-animator, version 1.0.0 or later.
	 - Install puzzleslib, version 20.4.14 or later.
More details:
	 - Mod 'AppleSkin' (appleskin) 2.5.1+mc1.20.3 requires any version of fabric-api, which is missing!
	 - Mod 'Balm' (balm-fabric) 9.0.6 requires any version of fabric-api, which is missing!
	 - Mod 'Better Combat' (bettercombat) 1.8.6+1.20.4 requires any version of fabric-api, which is missing!
	 - Mod 'Better Combat' (bettercombat) 1.8.6+1.20.4 requires version 1.0.0 or later of player-animator, which is missing!
	 - Mod 'EntityCulling' (entityculling) 1.6.5 requires any version of fabric-api, which is missing!
	 - Mod 'Forge Config API Port' (forgeconfigapiport) 20.4.3 requires version 0.91.1 or later of fabric-api, which is missing!
	 - Mod 'GeckoLib 4' (geckolib) 4.4.4 requires version 0.95.4+1.20.4 or later of fabric-api, which is missing!
	 - Mod 'Hang Glider' (hangglider) 20.4.1 requires version 0.95.3 or later of fabric-api, which is missing!
	 - Mod 'Hang Glider' (hangglider) 20.4.1 requires version 20.4.14 or later of puzzleslib, which is missing!
	at net.fabricmc.loader.impl.FormattedException.ofLocalized(FormattedException.java:51) ~[fabric-loader-0.15.11.jar:?]
	at net.fabricmc.loader.impl.FabricLoaderImpl.load(FabricLoaderImpl.java:195) ~[fabric-loader-0.15.11.jar:?]
	at net.fabricmc.loader.impl.launch.knot.Knot.init(Knot.java:146) ~[fabric-loader-0.15.11.jar:?]
	at net.fabricmc.loader.impl.launch.knot.Knot.launch(Knot.java:68) ~[fabric-loader-0.15.11.jar:?]
	at net.fabricmc.loader.impl.launch.knot.KnotServer.main(KnotServer.java:23) ~[fabric-loader-0.15.11.jar:?]
	at net.fabricmc.loader.impl.launch.server.FabricServerLauncher.main(FabricServerLauncher.java:69) ~[fabric-loader-0.15.11.jar:?]
	at net.fabricmc.installer.ServerLauncher.main(ServerLauncher.java:69) ~[fabric-server-launch.jar:1.0.1]
